<?xml version="1.0" encoding="UTF-8"?>
<!-- Generated by org.testng.reporters.JUnitReportReporter -->
<testsuite hostname="DESKTOP-TNO9GQV" failures="0" tests="1" name="SSquareIT.Day20Framework2.E2ETest3" time="8.657" errors="0" timestamp="2024-08-29T20:56:51 IST" skipped="0">
  <testcase classname="SSquareIT.Day20Framework2.E2ETest3" name="endToEndTest" time="8.657"/>
  <system-out/>
</testsuite> <!-- SSquareIT.Day20Framework2.E2ETest3 -->
